<?xml version="1.0" encoding="UTF-8"?>
<testng-results ignored="0" total="2" passed="2" failed="0" skipped="0">
  <reporter-output>
  </reporter-output>
  <suite started-at="2023-03-13T13:04:29 IST" name="Default suite" finished-at="2023-03-13T13:04:29 IST" duration-ms="43">
    <groups>
    </groups>
    <test started-at="2023-03-13T13:04:29 IST" name="Default test" finished-at="2023-03-13T13:04:29 IST" duration-ms="43">
      <class name="practice.PracticeClass2">
        <test-method signature="main2()[pri:0, instance:practice.PracticeClass2@28f3b248]" started-at="2023-03-13T13:04:29 IST" name="main2" finished-at="2023-03-13T13:04:29 IST" duration-ms="7" status="PASS">
          <reporter-output>
          </reporter-output>
        </test-method> <!-- main2 -->
        <test-method signature="main22()[pri:0, instance:practice.PracticeClass2@28f3b248]" started-at="2023-03-13T13:04:29 IST" name="main22" finished-at="2023-03-13T13:04:29 IST" duration-ms="0" status="PASS">
          <reporter-output>
          </reporter-output>
        </test-method> <!-- main22 -->
      </class> <!-- practice.PracticeClass2 -->
    </test> <!-- Default test -->
  </suite> <!-- Default suite -->
</testng-results>
